<?xml version="1.0" encoding="UTF-8"?>
<!-- Generated by org.testng.reporters.JUnitXMLReporter -->
<testsuite ignored="1" hostname="Charan" failures="0" tests="4" name="OrngeTestwebpagedisplayed" time="23.2" errors="0" timestamp="2021-10-18T20:05:31 IST">
  <testcase classname="testngframe.Orange_website" name="AppLanch" time="14.433"/>
  <testcase classname="testngframe.Orange_website" name="Login" time="6.115"/>
  <testcase classname="testngframe.Orange_website" name="Navigatetomyinfo" time="1.987"/>
  <testcase classname="testngframe.Orange_website" name="MyinfoVerify" time="0.642"/>
  <testcase classname="testngframe.Orange_website" name="Welcome" time="0.0">
    <ignored/>
  </testcase> <!-- Welcome -->
</testsuite> <!-- OrngeTestwebpagedisplayed -->
