<?xml version="1.0" encoding="UTF-8"?>
<!-- Generated by org.testng.reporters.JUnitXMLReporter -->
<testsuite ignored="2" hostname="Charan" failures="0" tests="3" name="OrngeTestlogin" time="28.358" errors="0" timestamp="2021-10-18T20:05:08 IST">
  <testcase classname="testngframe.Orange_website" name="AppLanch" time="20.761"/>
  <testcase classname="testngframe.Orange_website" name="Login" time="6.897"/>
  <testcase classname="testngframe.Orange_website" name="Welcome" time="0.639"/>
  <testcase classname="testngframe.Orange_website" name="MyinfoVerify" time="0.0">
    <ignored/>
  </testcase> <!-- MyinfoVerify -->
  <testcase classname="testngframe.Orange_website" name="Navigatetomyinfo" time="0.0">
    <ignored/>
  </testcase> <!-- Navigatetomyinfo -->
</testsuite> <!-- OrngeTestlogin -->
